<?xml version="1.0" encoding="UTF-8"?>
<!-- Generated by org.testng.reporters.JUnitReportReporter -->
<testsuite hostname="Afsanas-MacBook-Pro.local" name="Test_Cases.Successfully_delete_mail$Sign_in_test" tests="1" failures="0" timestamp="15 Sep 2020 03:32:33 GMT" time="13.162" errors="0">
  <testcase name="Sucessfully_delete_mail_Test" time="13.162" classname="Test_Cases.Successfully_delete_mail$Sign_in_test"/>
</testsuite> <!-- Test_Cases.Successfully_delete_mail$Sign_in_test -->
